This is pdfTeX, Version 3.1415926-2.4-1.40.13 (MiKTeX 2.9 64-bit) (preloaded format=pdflatex 2013.7.2)  12 SEP 2013 05:40
entering extended mode
**visso.tex
("D:\Dropbox\Thesis\CHI Paper\latex\visso.tex"
LaTeX2e <2011/06/27>
Babel <v3.8m> and hyphenation patterns for english, afrikaans, ancientgreek, ar
abic, armenian, assamese, basque, bengali, bokmal, bulgarian, catalan, coptic, 
croatian, czech, danish, dutch, esperanto, estonian, farsi, finnish, french, ga
lician, german, german-x-2012-05-30, greek, gujarati, hindi, hungarian, iceland
ic, indonesian, interlingua, irish, italian, kannada, kurmanji, latin, latvian,
 lithuanian, malayalam, marathi, mongolian, mongolianlmc, monogreek, ngerman, n
german-x-2012-05-30, nynorsk, oriya, panjabi, pinyin, polish, portuguese, roman
ian, russian, sanskrit, serbian, slovak, slovenian, spanish, swedish, swissgerm
an, tamil, telugu, turkish, turkmen, ukenglish, ukrainian, uppersorbian, usengl
ishmax, welsh, loaded.
("D:\Dropbox\Thesis\CHI Paper\latex\sigchi.cls"
("C:\Program Files\MiKTeX 2.9\tex\latex\graphics\epsfig.sty"
Package: epsfig 1999/02/16 v1.7a (e)psfig emulation (SPQR)

("C:\Program Files\MiKTeX 2.9\tex\latex\graphics\graphicx.sty"
Package: graphicx 1999/02/16 v1.0f Enhanced LaTeX Graphics (DPC,SPQR)

("C:\Program Files\MiKTeX 2.9\tex\latex\graphics\keyval.sty"
Package: keyval 1999/03/16 v1.13 key=value parser (DPC)
\KV@toks@=\toks14
)
("C:\Program Files\MiKTeX 2.9\tex\latex\graphics\graphics.sty"
Package: graphics 2009/02/05 v1.0o Standard LaTeX Graphics (DPC,SPQR)

("C:\Program Files\MiKTeX 2.9\tex\latex\graphics\trig.sty"
Package: trig 1999/03/16 v1.09 sin cos tan (DPC)
)
("C:\Program Files\MiKTeX 2.9\tex\latex\00miktex\graphics.cfg"
File: graphics.cfg 2007/01/18 v1.5 graphics configuration of teTeX/TeXLive
)
Package graphics Info: Driver file: pdftex.def on input line 91.

("C:\Program Files\MiKTeX 2.9\tex\latex\pdftex-def\pdftex.def"
File: pdftex.def 2011/05/27 v0.06d Graphics/color for pdfTeX

("C:\Program Files\MiKTeX 2.9\tex\generic\oberdiek\infwarerr.sty"
Package: infwarerr 2010/04/08 v1.3 Providing info/warning/error messages (HO)
)
("C:\Program Files\MiKTeX 2.9\tex\generic\oberdiek\ltxcmds.sty"
Package: ltxcmds 2011/11/09 v1.22 LaTeX kernel commands for general use (HO)
)
\Gread@gobject=\count79
))
\Gin@req@height=\dimen102
\Gin@req@width=\dimen103
)
\epsfxsize=\dimen104
\epsfysize=\dimen105
)
("C:\Program Files\MiKTeX 2.9\tex\latex\amsfonts\amssymb.sty"
Package: amssymb 2013/01/14 v3.01 AMS font symbols

("C:\Program Files\MiKTeX 2.9\tex\latex\amsfonts\amsfonts.sty"
Package: amsfonts 2013/01/14 v3.01 Basic AMSFonts support
\@emptytoks=\toks15
\symAMSa=\mathgroup4
\symAMSb=\mathgroup5
LaTeX Font Info:    Overwriting math alphabet `\mathfrak' in version `bold'
(Font)                  U/euf/m/n --> U/euf/b/n on input line 106.
))
("C:\Program Files\MiKTeX 2.9\tex\latex\amsmath\amsmath.sty"
Package: amsmath 2013/01/14 v2.14 AMS math features
\@mathmargin=\skip41

For additional information on amsmath, use the `?' option.
("C:\Program Files\MiKTeX 2.9\tex\latex\amsmath\amstext.sty"
Package: amstext 2000/06/29 v2.01

("C:\Program Files\MiKTeX 2.9\tex\latex\amsmath\amsgen.sty"
File: amsgen.sty 1999/11/30 v2.0
\@emptytoks=\toks16
\ex@=\dimen106
))
("C:\Program Files\MiKTeX 2.9\tex\latex\amsmath\amsbsy.sty"
Package: amsbsy 1999/11/29 v1.2d
\pmbraise@=\dimen107
)
("C:\Program Files\MiKTeX 2.9\tex\latex\amsmath\amsopn.sty"
Package: amsopn 1999/12/14 v2.01 operator names
)
\inf@bad=\count80
LaTeX Info: Redefining \frac on input line 210.
\uproot@=\count81
\leftroot@=\count82
LaTeX Info: Redefining \overline on input line 306.
\classnum@=\count83
\DOTSCASE@=\count84
LaTeX Info: Redefining \ldots on input line 378.
LaTeX Info: Redefining \dots on input line 381.
LaTeX Info: Redefining \cdots on input line 466.
\Mathstrutbox@=\box26
\strutbox@=\box27
\big@size=\dimen108
LaTeX Font Info:    Redeclaring font encoding OML on input line 566.
LaTeX Font Info:    Redeclaring font encoding OMS on input line 567.
\macc@depth=\count85
\c@MaxMatrixCols=\count86
\dotsspace@=\muskip10
\c@parentequation=\count87
\dspbrk@lvl=\count88
\tag@help=\toks17
\row@=\count89
\column@=\count90
\maxfields@=\count91
\andhelp@=\toks18
\eqnshift@=\dimen109
\alignsep@=\dimen110
\tagshift@=\dimen111
\tagwidth@=\dimen112
\totwidth@=\dimen113
\lineht@=\dimen114
\@envbody=\toks19
\multlinegap=\skip42
\multlinetaggap=\skip43
\mathdisplay@stack=\toks20
LaTeX Info: Redefining \[ on input line 2665.
LaTeX Info: Redefining \] on input line 2666.
)
Document Class sigchi' <Oct 19, 2011>. Updated for chi 2012 based on chi2012.cl
s by William Hudson and Jean-Daniel Fekete.
Document Class `chi2011' <October 19, 2010>. Tweaked by Manas Tungare.
Shamelessly copied from
`chiproceedings' <7th Sep. '00>. Modified by Jan O. Borchers
`acm_proc_article-sp' <2nd. October '02>. Modified by G.K.M. Tobin
`acmconf' <22 May 89>. Hacked 4/91 by shivers@cs.cmu.edu, 4/93 by theobald@cs.m
cgill.ca
Excerpts were taken from (Journal Style) 'esub2acm.cls'.
\footheight=\dimen115
\@maxsep=\dimen116
\@dblmaxsep=\dimen117
\aucount=\count92
\originalaucount=\count93
\auwidth=\dimen118
\auskip=\dimen119
\auskipcount=\count94
\auskip=\dimen120
\allauboxes=\dimen121
\addauthors=\toks21
\subtitletext=\toks22
\savesection=\count95
\sectioncntr=\count96
\c@figure=\count97
\c@table=\count98
\teaserspace=\skip44
\titleboxnotes=\toks23
\titleboxnoteflag=\count99

LaTeX Warning: You have requested document class `sigchi',
               but the document class provides `chi2012'.

Document Class: chi2012 2011/06/06 - V0.16
("C:\Program Files\MiKTeX 2.9\tex\latex\base\latexsym.sty"
Package: latexsym 1998/08/17 v2.2e Standard LaTeX package (lasy symbols)
\symlasy=\mathgroup6
LaTeX Font Info:    Overwriting symbol font `lasy' in version `bold'
(Font)                  U/lasy/m/n --> U/lasy/b/n on input line 47.
)
\titlenotecount=\count100
\tntoks=\toks24
\tntokstwo=\toks25
\tntoksthree=\toks26
\tntoksfour=\toks27
\tntoksfive=\toks28
\catcount=\count101
\copyrightnotice=\toks29
\c@copyrightbox=\count102
\conf=\toks30
\confinfo=\toks31
\c@part=\count103
\c@section=\count104
\c@subsection=\count105
\c@subsubsection=\count106
\c@paragraph=\count107

Using 'Abbrev' bibliography style
\bibindent=\dimen122
\bibsep=\skip45
\colcntr=\count108
\savebox=\box28
\copyrtyr=\toks32
\acmcopyr=\toks33
\boilerplate=\toks34
\copyrightetc=\toks35
) (C:\Users\Johnny\AppData\Roaming\MiKTeX\2.9\tex\latex\preprint\balance.sty
Package: balance 1999/02/23 4.3 (PWD)
\oldvsize=\dimen123
)
("C:\Program Files\MiKTeX 2.9\tex\latex\psnfss\times.sty"
Package: times 2005/04/12 PSNFSS-v9.2a (SPQR) 
)
("C:\Program Files\MiKTeX 2.9\tex\latex\ltxmisc\url.sty"
\Urlmuskip=\muskip11
Package: url 2006/04/12  ver 3.3  Verb mode for urls, etc.
)
("C:\Program Files\MiKTeX 2.9\tex\latex\hyperref\hyperref.sty"
Package: hyperref 2012/11/06 v6.83m Hypertext links for LaTeX

("C:\Program Files\MiKTeX 2.9\tex\generic\oberdiek\hobsub-hyperref.sty"
Package: hobsub-hyperref 2012/04/25 v1.12 Bundle oberdiek, subset hyperref (HO)


("C:\Program Files\MiKTeX 2.9\tex\generic\oberdiek\hobsub-generic.sty"
Package: hobsub-generic 2012/04/25 v1.12 Bundle oberdiek, subset generic (HO)
Package: hobsub 2012/04/25 v1.12 Construct package bundles (HO)
Package hobsub Info: Skipping package `infwarerr' (already loaded).
Package hobsub Info: Skipping package `ltxcmds' (already loaded).
Package: ifluatex 2010/03/01 v1.3 Provides the ifluatex switch (HO)
Package ifluatex Info: LuaTeX not detected.
Package: ifvtex 2010/03/01 v1.5 Detect VTeX and its facilities (HO)
Package ifvtex Info: VTeX not detected.
Package: intcalc 2007/09/27 v1.1 Expandable calculations with integers (HO)
Package: ifpdf 2011/01/30 v2.3 Provides the ifpdf switch (HO)
Package ifpdf Info: pdfTeX in PDF mode is detected.
Package: etexcmds 2011/02/16 v1.5 Avoid name clashes with e-TeX commands (HO)
Package etexcmds Info: Could not find \expanded.
(etexcmds)             That can mean that you are not using pdfTeX 1.50 or
(etexcmds)             that some package has redefined \expanded.
(etexcmds)             In the latter case, load this package earlier.
Package: kvsetkeys 2012/04/25 v1.16 Key value parser (HO)
Package: kvdefinekeys 2011/04/07 v1.3 Define keys (HO)
Package: pdftexcmds 2011/11/29 v0.20 Utility functions of pdfTeX for LuaTeX (HO
)
Package pdftexcmds Info: LuaTeX not detected.
Package pdftexcmds Info: \pdf@primitive is available.
Package pdftexcmds Info: \pdf@ifprimitive is available.
Package pdftexcmds Info: \pdfdraftmode found.
Package: pdfescape 2011/11/25 v1.13 Implements pdfTeX's escape features (HO)
Package: bigintcalc 2012/04/08 v1.3 Expandable calculations on big integers (HO
)
Package: bitset 2011/01/30 v1.1 Handle bit-vector datatype (HO)
Package: uniquecounter 2011/01/30 v1.2 Provide unlimited unique counter (HO)
)
Package hobsub Info: Skipping package `hobsub' (already loaded).
Package: letltxmacro 2010/09/02 v1.4 Let assignment for LaTeX macros (HO)
Package: hopatch 2011/06/24 v1.1 Wrapper for package hooks (HO)
Package: xcolor-patch 2011/01/30 xcolor patch
Package: atveryend 2011/06/30 v1.8 Hooks at the very end of document (HO)
Package atveryend Info: \enddocument detected (standard20110627).
Package: atbegshi 2011/10/05 v1.16 At begin shipout hook (HO)
Package: refcount 2011/10/16 v3.4 Data extraction from label references (HO)
Package: hycolor 2011/01/30 v1.7 Color options for hyperref/bookmark (HO)
)
("C:\Program Files\MiKTeX 2.9\tex\generic\ifxetex\ifxetex.sty"
Package: ifxetex 2010/09/12 v0.6 Provides ifxetex conditional
)
("C:\Program Files\MiKTeX 2.9\tex\latex\oberdiek\auxhook.sty"
Package: auxhook 2011/03/04 v1.3 Hooks for auxiliary files (HO)
)
("C:\Program Files\MiKTeX 2.9\tex\latex\oberdiek\kvoptions.sty"
Package: kvoptions 2011/06/30 v3.11 Key value format for package options (HO)
)
\@linkdim=\dimen124
\Hy@linkcounter=\count109
\Hy@pagecounter=\count110

("C:\Program Files\MiKTeX 2.9\tex\latex\hyperref\pd1enc.def"
File: pd1enc.def 2012/11/06 v6.83m Hyperref: PDFDocEncoding definition (HO)
)
\Hy@SavedSpaceFactor=\count111

("C:\Program Files\MiKTeX 2.9\tex\latex\00miktex\hyperref.cfg"
File: hyperref.cfg 2002/06/06 v1.2 hyperref configuration of TeXLive
)
Package hyperref Info: Hyper figures OFF on input line 4443.
Package hyperref Info: Link nesting OFF on input line 4448.
Package hyperref Info: Hyper index ON on input line 4451.
Package hyperref Info: Plain pages OFF on input line 4458.
Package hyperref Info: Backreferencing OFF on input line 4463.
Package hyperref Info: Implicit mode ON; LaTeX internals redefined.
Package hyperref Info: Bookmarks ON on input line 4688.
\c@Hy@tempcnt=\count112
LaTeX Info: Redefining \url on input line 5041.
\XeTeXLinkMargin=\dimen125
\Fld@menulength=\count113
\Field@Width=\dimen126
\Fld@charsize=\dimen127
Package hyperref Info: Hyper figures OFF on input line 6295.
Package hyperref Info: Link nesting OFF on input line 6300.
Package hyperref Info: Hyper index ON on input line 6303.
Package hyperref Info: backreferencing OFF on input line 6310.
Package hyperref Info: Link coloring OFF on input line 6315.
Package hyperref Info: Link coloring with OCG OFF on input line 6320.
Package hyperref Info: PDF/A mode OFF on input line 6325.
LaTeX Info: Redefining \ref on input line 6365.
LaTeX Info: Redefining \pageref on input line 6369.
\Hy@abspage=\count114
\c@Item=\count115
\c@Hfootnote=\count116
)

Package hyperref Message: Driver: hpdftex.

("C:\Program Files\MiKTeX 2.9\tex\latex\hyperref\hpdftex.def"
File: hpdftex.def 2012/11/06 v6.83m Hyperref driver for pdfTeX
\Fld@listcount=\count117
\c@bookmark@seq@number=\count118

("C:\Program Files\MiKTeX 2.9\tex\latex\oberdiek\rerunfilecheck.sty"
Package: rerunfilecheck 2011/04/15 v1.7 Rerun checks for auxiliary files (HO)
Package uniquecounter Info: New unique counter `rerunfilecheck' on input line 2
82.
)
\Hy@SectionHShift=\skip46
)
Package hyperref Info: Option `bookmarksnumbered' set `true' on input line 59.
Package hyperref Info: Option `colorlinks' set `true' on input line 59.
Package hyperref Info: Option `breaklinks' set `true' on input line 59.

("D:\Dropbox\Thesis\CHI Paper\latex\visso.aux")
LaTeX Font Info:    Checking defaults for OML/cmm/m/it on input line 66.
LaTeX Font Info:    ... okay on input line 66.
LaTeX Font Info:    Checking defaults for T1/cmr/m/n on input line 66.
LaTeX Font Info:    ... okay on input line 66.
LaTeX Font Info:    Checking defaults for OT1/cmr/m/n on input line 66.
LaTeX Font Info:    ... okay on input line 66.
LaTeX Font Info:    Checking defaults for OMS/cmsy/m/n on input line 66.
LaTeX Font Info:    ... okay on input line 66.
LaTeX Font Info:    Checking defaults for OMX/cmex/m/n on input line 66.
LaTeX Font Info:    ... okay on input line 66.
LaTeX Font Info:    Checking defaults for U/cmr/m/n on input line 66.
LaTeX Font Info:    ... okay on input line 66.
LaTeX Font Info:    Checking defaults for PD1/pdf/m/n on input line 66.
LaTeX Font Info:    ... okay on input line 66.
LaTeX Font Info:    Try loading font information for OT1+ptm on input line 66.

("C:\Program Files\MiKTeX 2.9\tex\latex\psnfss\ot1ptm.fd"
File: ot1ptm.fd 2001/06/04 font definitions for OT1/ptm.
)
(C:\Users\Johnny\AppData\Roaming\MiKTeX\2.9\tex\context\base\supp-pdf.mkii
[Loading MPS to PDF converter (version 2006.09.02).]
\scratchcounter=\count119
\scratchdimen=\dimen128
\scratchbox=\box29
\nofMPsegments=\count120
\nofMParguments=\count121
\everyMPshowfont=\toks36
\MPscratchCnt=\count122
\MPscratchDim=\dimen129
\MPnumerator=\count123
\makeMPintoPDFobject=\count124
\everyMPtoPDFconversion=\toks37
)
\AtBeginShipoutBox=\box30
 ("C:\Program Files\MiKTeX 2.9\tex\latex\graphics\color.sty"
Package: color 2005/11/14 v1.0j Standard LaTeX Color (DPC)

("C:\Program Files\MiKTeX 2.9\tex\latex\00miktex\color.cfg"
File: color.cfg 2007/01/18 v1.5 color configuration of teTeX/TeXLive
)
Package color Info: Driver file: pdftex.def on input line 130.
)
Package hyperref Info: Link coloring ON on input line 66.

("C:\Program Files\MiKTeX 2.9\tex\latex\hyperref\nameref.sty"
Package: nameref 2012/10/27 v2.43 Cross-referencing by name of section

("C:\Program Files\MiKTeX 2.9\tex\generic\oberdiek\gettitlestring.sty"
Package: gettitlestring 2010/12/03 v1.4 Cleanup title references (HO)
)
\c@section@level=\count125
)
LaTeX Info: Redefining \ref on input line 66.
LaTeX Info: Redefining \pageref on input line 66.
LaTeX Info: Redefining \nameref on input line 66.

("D:\Dropbox\Thesis\CHI Paper\latex\visso.out")
("D:\Dropbox\Thesis\CHI Paper\latex\visso.out")
\@outlinefile=\write3
LaTeX Font Info:    Try loading font information for U+msa on input line 87.

("C:\Program Files\MiKTeX 2.9\tex\latex\amsfonts\umsa.fd"
File: umsa.fd 2013/01/14 v3.01 AMS symbols A
)
LaTeX Font Info:    Try loading font information for U+msb on input line 87.

("C:\Program Files\MiKTeX 2.9\tex\latex\amsfonts\umsb.fd"
File: umsb.fd 2013/01/14 v3.01 AMS symbols B
)
LaTeX Font Info:    Try loading font information for U+lasy on input line 87.

("C:\Program Files\MiKTeX 2.9\tex\latex\base\ulasy.fd"
File: ulasy.fd 1998/08/17 v2.2e LaTeX symbol font definitions
)
LaTeX Font Info:    Try loading font information for OMS+ptm on input line 87.

("C:\Program Files\MiKTeX 2.9\tex\latex\psnfss\omsptm.fd"
File: omsptm.fd 
)
LaTeX Font Info:    Font shape `OMS/ptm/m/n' in size <10> not available
(Font)              Font shape `OMS/cmsy/m/n' tried instead on input line 87.

Overfull \hbox (5.79999pt too wide) in paragraph at lines 87--87
 [] 
 []


Underfull \vbox (badness 1748) has occurred while \output is active []

 [1{C:/Users/Johnny/AppData/Local/MiKTeX/2.9/pdftex/config/pdftex.map}


Non-PDF special ignored!

]
Underfull \vbox (badness 10000) has occurred while \output is active []


<glasses_pattern_combine.png, id=173, 722.7pt x 213.9192pt>
File: glasses_pattern_combine.png Graphic file (type png)

<use glasses_pattern_combine.png>
Package pdftex.def Info: glasses_pattern_combine.png used on input line 119.
(pdftex.def)             Requested size: 487.96475pt x 144.43819pt.
LaTeX Font Info:    Font shape `OT1/ptm/bx/n' in size <8> not available
(Font)              Font shape `OT1/ptm/b/n' tried instead on input line 120.

<hat_pattern_combine.png, id=175, 721.2546pt x 213.9192pt>
File: hat_pattern_combine.png Graphic file (type png)

<use hat_pattern_combine.png>
Package pdftex.def Info: hat_pattern_combine.png used on input line 126.
(pdftex.def)             Requested size: 487.96475pt x 144.72543pt.

<smartwatch_pattern_combine.png, id=176, 721.2546pt x 212.4738pt>
File: smartwatch_pattern_combine.png Graphic file (type png)

<use smartwatch_pattern_combine.png>
Package pdftex.def Info: smartwatch_pattern_combine.png used on input line 133.

(pdftex.def)             Requested size: 487.96475pt x 143.74754pt.

<vibration_pattern_combine.png, id=177, 721.2546pt x 212.9556pt>
File: vibration_pattern_combine.png Graphic file (type png)

<use vibration_pattern_combine.png>
Package pdftex.def Info: vibration_pattern_combine.png used on input line 140.
(pdftex.def)             Requested size: 487.96475pt x 144.0735pt.
 [2]
<glasses_4.jpg, id=204, 1003.75pt x 321.2pt>
File: glasses_4.jpg Graphic file (type jpg)
 <use glasses_4.jpg>
Package pdftex.def Info: glasses_4.jpg used on input line 164.
(pdftex.def)             Requested size: 219.58264pt x 70.26723pt.

Underfull \vbox (badness 10000) has occurred while \output is active []

 [3 <D:/Dropbox/Thesis/CHI Paper/latex/glasses_pattern_combine.png> <D:/Dropbox
/Thesis/CHI Paper/latex/hat_pattern_combine.png> <D:/Dropbox/Thesis/CHI Paper/l
atex/smartwatch_pattern_combine.png>] <cap_4.jpg, id=218, 1003.75pt x 321.2pt>
File: cap_4.jpg Graphic file (type jpg)

<use cap_4.jpg>
Package pdftex.def Info: cap_4.jpg used on input line 171.
(pdftex.def)             Requested size: 219.58264pt x 70.26723pt.
 <smartwatch_4.jpg, id=219, 1003.75pt x 321.2pt>
File: smartwatch_4.jpg Graphic file (type jpg)

<use smartwatch_4.jpg>
Package pdftex.def Info: smartwatch_4.jpg used on input line 178.
(pdftex.def)             Requested size: 219.58264pt x 70.26723pt.

Underfull \vbox (badness 1642) has occurred while \output is active []


Underfull \vbox (badness 6910) has occurred while \output is active []

 [4 <D:/Dropbox/Thesis/CHI Paper/latex/vibration_pattern_combine.png> <D:/Dropb
ox/Thesis/CHI Paper/latex/glasses_4.jpg> <D:/Dropbox/Thesis/CHI Paper/latex/cap
_4.jpg> <D:/Dropbox/Thesis/CHI Paper/latex/smartwatch_4.jpg>]
<hat_4.jpg, id=233, 1003.75pt x 321.2pt>
File: hat_4.jpg Graphic file (type jpg)
 <use hat_4.jpg>
Package pdftex.def Info: hat_4.jpg used on input line 217.
(pdftex.def)             Requested size: 219.58264pt x 70.26723pt.

<belt_4.jpg, id=234, 1003.75pt x 321.2pt>
File: belt_4.jpg Graphic file (type jpg)
 <use belt_4.jpg>
Package pdftex.def Info: belt_4.jpg used on input line 224.
(pdftex.def)             Requested size: 219.58264pt x 70.26723pt.

<wristband_4.jpg, id=235, 1003.75pt x 321.2pt>
File: wristband_4.jpg Graphic file (type jpg)
 <use wristband_4.jpg>
Package pdftex.def Info: wristband_4.jpg used on input line 231.
(pdftex.def)             Requested size: 219.58264pt x 70.26723pt.

<armband_4.jpg, id=236, 1003.75pt x 321.2pt>
File: armband_4.jpg Graphic file (type jpg)
 <use armband_4.jpg>
Package pdftex.def Info: armband_4.jpg used on input line 238.
(pdftex.def)             Requested size: 219.58264pt x 70.26723pt.
 [5 <D:/Dropbox/Thesis/CHI Paper/latex/hat_4.jpg> <D:/Dropbox/Thesis/CHI Paper/
latex/belt_4.jpg> <D:/Dropbox/Thesis/CHI Paper/latex/wristband_4.jpg> <D:/Dropb
ox/Thesis/CHI Paper/latex/armband_4.jpg>]
Underfull \hbox (badness 2285) in paragraph at lines 272--273
[]\OT1/ptm/m/n/10 The ex-per-i-ment was con-ducted us-ing a mo-bile de-vice
 []

Missing character: There is no â in font ptmr7t!
Missing character: There is no € in font ptmr7t!
Missing character: There is no ™ in font ptmr7t!
<MobilePhone2.jpg, id=250, 1435.3625pt x 1024.82875pt>
File: MobilePhone2.jpg Graphic file (type jpg)
 <use MobilePhone2.jpg>
Package pdftex.def Info: MobilePhone2.jpg used on input line 281.
(pdftex.def)             Requested size: 219.58264pt x 156.76701pt.

[6 <D:/Dropbox/Thesis/CHI Paper/latex/MobilePhone2.jpg>]
<Visual_ER.png, id=258, 557.9244pt x 398.9304pt>
File: Visual_ER.png Graphic file (type png)
 <use Visual_ER.png>
Package pdftex.def Info: Visual_ER.png used on input line 290.
(pdftex.def)             Requested size: 243.98238pt x 174.45248pt.

<Visual_RT.png, id=259, 563.2242pt x 372.9132pt>
File: Visual_RT.png Graphic file (type png)
 <use Visual_RT.png>
Package pdftex.def Info: Visual_RT.png used on input line 297.
(pdftex.def)             Requested size: 243.98238pt x 161.53879pt.
LaTeX Font Info:    Try loading font information for OML+ptm on input line 303.


("C:\Program Files\MiKTeX 2.9\tex\latex\psnfss\omlptm.fd"
File: omlptm.fd 
)
LaTeX Font Info:    Font shape `OML/ptm/m/n' in size <10> not available
(Font)              Font shape `OML/cmm/m/it' tried instead on input line 303.

Underfull \vbox (badness 3601) has occurred while \output is active []

 [7 <D:/Dropbox/Thesis/CHI Paper/latex/Visual_ER.png> <D:/Dropbox/Thesis/CHI Pa
per/latex/Visual_RT.png>] <Vibro_ER.png, id=272, 552.1428pt x 375.804pt>
File: Vibro_ER.png Graphic file (type png)

<use Vibro_ER.png>
Package pdftex.def Info: Vibro_ER.png used on input line 318.
(pdftex.def)             Requested size: 243.98238pt x 166.05959pt.
 <Vibro_RT.png, id=273, 552.1428pt x 355.0866pt>
File: Vibro_RT.png Graphic file (type png)

<use Vibro_RT.png>
Package pdftex.def Info: Vibro_RT.png used on input line 325.
(pdftex.def)             Requested size: 243.98238pt x 156.90501pt.
Missing character: There is no â in font ptmr7t!
Missing character: There is no € in font ptmr7t!
Missing character: There is no ™ in font ptmr7t!
 <Speakers.jpg, id=276, 2601.72pt x 1734.48pt>
File: Speakers.jpg Graphic file (type jpg)

<use Speakers.jpg>
Package pdftex.def Info: Speakers.jpg used on input line 346.
(pdftex.def)             Requested size: 219.58264pt x 146.38344pt.
 [8 <D:/Dropbox/Thesis/CHI Paper/latex/Vibro_ER.png> <D:/Dropbox/Thesis/CHI Pap
er/latex/Vibro_RT.png>]
<All_ER.png, id=290, 551.661pt x 358.941pt>
File: All_ER.png Graphic file (type png)
 <use All_ER.png>
Package pdftex.def Info: All_ER.png used on input line 395.
(pdftex.def)             Requested size: 243.98238pt x 158.74512pt.

<All_RT.png, id=291, 580.0872pt x 352.6776pt>
File: All_RT.png Graphic file (type png)
 <use All_RT.png>
Package pdftex.def Info: All_RT.png used on input line 402.
(pdftex.def)             Requested size: 243.98238pt x 148.33345pt.

<nasa_tlx.png, id=292, 609.9588pt x 342.5598pt>
File: nasa_tlx.png Graphic file (type png)
 <use nasa_tlx.png>
Package pdftex.def Info: nasa_tlx.png used on input line 409.
(pdftex.def)             Requested size: 243.98238pt x 137.02148pt.

Underfull \vbox (badness 5847) has occurred while \output is active []

 [9 <D:/Dropbox/Thesis/CHI Paper/latex/Speakers.jpg>] [10 <D:/Dropbox/Thesis/CH
I Paper/latex/All_ER.png> <D:/Dropbox/Thesis/CHI Paper/latex/All_RT.png> <D:/Dr
opbox/Thesis/CHI Paper/latex/nasa_tlx.png>] ("D:\Dropbox\Thesis\CHI Paper\latex
\visso.bbl")
Package atveryend Info: Empty hook `BeforeClearDocument' on input line 442.

Overfull \vbox (1.57986pt too high) has occurred while \output is active []


[11]
Package atveryend Info: Empty hook `AfterLastShipout' on input line 442.
 ("D:\Dropbox\Thesis\CHI Paper\latex\visso.aux")
Package atveryend Info: Executing hook `AtVeryEndDocument' on input line 442.
Package atveryend Info: Executing hook `AtEndAfterFileList' on input line 442.
Package rerunfilecheck Info: File `visso.out' has not changed.
(rerunfilecheck)             Checksum: F1692F8D226E63846DF7834A2641F6CA;2169.
Package atveryend Info: Empty hook `AtVeryVeryEnd' on input line 442.
 ) 
Here is how much of TeX's memory you used:
 6356 strings out of 493921
 90592 string characters out of 3147331
 183292 words of memory out of 3000000
 9454 multiletter control sequences out of 15000+200000
 26240 words of font info for 53 fonts, out of 3000000 for 9000
 841 hyphenation exceptions out of 8191
 41i,10n,30p,1351b,347s stack positions out of 5000i,500n,10000p,200000b,50000s
pdfTeX warning (dest): name{section*.36} has been referenced but does not exi
st, replaced by a fixed one

pdfTeX warning (dest): name{section*.35} has been referenced but does not exist
, replaced by a fixed one

pdfTeX warning (dest): name{section*.27} has been referenced but does not exist
, replaced by a fixed one

pdfTeX warning (dest): name{section*.18} has been referenced but does not exist
, replaced by a fixed one

pdfTeX warning (dest): name{section*.7} has been referenced but does not exist,
 replaced by a fixed one

pdfTeX warning (dest): name{section*.6} has been referenced but does not exist,
 replaced by a fixed one

pdfTeX warning (dest): name{section*.5} has been referenced but does not exist,
 replaced by a fixed one

pdfTeX warning (dest): name{section*.4} has been referenced but does not exist,
 replaced by a fixed one

pdfTeX warning (dest): name{section*.3} has been referenced but does not exist,
 replaced by a fixed one

{C:/Program Files/MiKTeX 2.9/fonts/enc/dvips/fontname/8r.enc}<C:/Program Files/
MiKTeX 2.9/fonts/type1/public/amsfonts/cm/cmmi10.pfb><C:/Program Files/MiKTeX 2
.9/fonts/type1/public/amsfonts/cm/cmsy10.pfb><C:/Program Files/MiKTeX 2.9/fonts
/type1/public/amsfonts/cm/cmsy7.pfb><C:/Program Files/MiKTeX 2.9/fonts/type1/ur
w/helvetic/uhvb8a.pfb><C:/Program Files/MiKTeX 2.9/fonts/type1/urw/helvetic/uhv
ro8a.pfb><C:/Program Files/MiKTeX 2.9/fonts/type1/urw/times/utmb8a.pfb><C:/Prog
ram Files/MiKTeX 2.9/fonts/type1/urw/times/utmr8a.pfb><C:/Program Files/MiKTeX 
2.9/fonts/type1/urw/times/utmri8a.pfb>
Output written on visso.pdf (11 pages, 3926971 bytes).
PDF statistics:
 363 PDF objects out of 1000 (max. 8388607)
 96 named destinations out of 1000 (max. 500000)
 373 words of extra memory for PDF output out of 10000 (max. 10000000)

