\BOOKMARK [1][-]{section*.3}{Introduction}{}% 1
\BOOKMARK [1][-]{section*.4}{Related Work}{}% 2
\BOOKMARK [1][-]{section*.5}{Prototype and Pattern Design}{}% 3
\BOOKMARK [2][-]{section*.6}{Visual Devices}{section*.5}% 4
\BOOKMARK [3][-]{section*.7}{Glasses}{section*.6}% 5
\BOOKMARK [3][-]{section*.8}{LED Cap}{section*.6}% 6
\BOOKMARK [3][-]{section*.9}{Smartwatch}{section*.6}% 7
\BOOKMARK [2][-]{section*.10}{Tactile Devices}{section*.5}% 8
\BOOKMARK [3][-]{section*.11}{Vibration Hat}{section*.10}% 9
\BOOKMARK [3][-]{section*.12}{Belt}{section*.10}% 10
\BOOKMARK [3][-]{section*.13}{Wristband}{section*.10}% 11
\BOOKMARK [3][-]{section*.14}{Armband}{section*.10}% 12
\BOOKMARK [3][-]{section*.15}{Patterns for Tactile Device}{section*.10}% 13
\BOOKMARK [1][-]{section*.16}{Experiment 1}{}% 14
\BOOKMARK [2][-]{section*.17}{Experiment Description}{section*.16}% 15
\BOOKMARK [2][-]{section*.18}{Apparatus}{section*.16}% 16
\BOOKMARK [2][-]{section*.19}{Participants}{section*.16}% 17
\BOOKMARK [2][-]{section*.20}{Procedure}{section*.16}% 18
\BOOKMARK [2][-]{section*.21}{Experiment 1A Result: Visual Display}{section*.16}% 19
\BOOKMARK [2][-]{section*.22}{Experiment 1A Conclusion}{section*.16}% 20
\BOOKMARK [2][-]{section*.23}{Experiment 1B Result: Tactile Display}{section*.16}% 21
\BOOKMARK [2][-]{section*.24}{Experiment 1B Conclusion}{section*.16}% 22
\BOOKMARK [1][-]{section*.25}{Experiment 2}{}% 23
\BOOKMARK [2][-]{section*.26}{Experiment Description}{section*.25}% 24
\BOOKMARK [2][-]{section*.27}{Apparatus}{section*.25}% 25
\BOOKMARK [2][-]{section*.28}{Participants}{section*.25}% 26
\BOOKMARK [2][-]{section*.29}{Procedure}{section*.25}% 27
\BOOKMARK [2][-]{section*.30}{Experiment 2 Result}{section*.25}% 28
\BOOKMARK [3][-]{section*.31}{Questionnaire}{section*.30}% 29
\BOOKMARK [2][-]{section*.32}{Experiment 2 Conclusion}{section*.25}% 30
\BOOKMARK [1][-]{section*.33}{Conclusion and Discussion}{}% 31
\BOOKMARK [1][-]{section*.34}{REFERENCES }{}% 32
